c:\users\notakey\desktop\projects\notakey_cp2\x64\debug\vc120.pdb
c:\users\notakey\desktop\projects\notakey_cp2\x64\debug\vc120.idb
c:\users\notakey\desktop\projects\notakey_cp2\x64\debug\csamplecredential.obj
c:\users\notakey\desktop\projects\notakey_cp2\x64\debug\csampleprovider.obj
c:\users\notakey\desktop\projects\notakey_cp2\x64\debug\dll.obj
c:\users\notakey\desktop\projects\notakey_cp2\x64\debug\guid.obj
c:\users\notakey\desktop\projects\notakey_cp2\x64\debug\helpers.obj
c:\users\notakey\desktop\projects\notakey_cp2\x64\debug\notakeyprovider.ilk
c:\users\notakey\desktop\projects\notakey_cp2\x64\debug\notakeyprovider.dll
c:\users\notakey\desktop\projects\notakey_cp2\x64\debug\notakeyprovider.pdb
c:\users\notakey\desktop\projects\notakey_cp2\x64\debug\notakeyprovider.lib
c:\users\notakey\desktop\projects\notakey_cp2\x64\debug\notakeyprovider.exp
c:\users\notakey\desktop\projects\notakey_cp2\x64\debug\resources.res
c:\users\notakey\desktop\projects\notakey_cp2\x64\debug\creduiinvoker.ilk
c:\users\notakey\desktop\projects\notakey_cp2\x64\debug\creduiinvoker.pdb
c:\users\notakey\desktop\projects\notakey_cp2\x64\debug\notakeyprovider.tlog\cl.command.1.tlog
c:\users\notakey\desktop\projects\notakey_cp2\x64\debug\notakeyprovider.tlog\cl.read.1.tlog
c:\users\notakey\desktop\projects\notakey_cp2\x64\debug\notakeyprovider.tlog\cl.write.1.tlog
c:\users\notakey\desktop\projects\notakey_cp2\x64\debug\notakeyprovider.tlog\link.command.1.tlog
c:\users\notakey\desktop\projects\notakey_cp2\x64\debug\notakeyprovider.tlog\link.read.1.tlog
c:\users\notakey\desktop\projects\notakey_cp2\x64\debug\notakeyprovider.tlog\link.write.1.tlog
c:\users\notakey\desktop\projects\notakey_cp2\x64\debug\notakeyprovider.tlog\notakeyprovider.write.1u.tlog
c:\users\notakey\desktop\projects\notakey_cp2\x64\debug\notakeyprovider.tlog\rc.command.1.tlog
c:\users\notakey\desktop\projects\notakey_cp2\x64\debug\notakeyprovider.tlog\rc.read.1.tlog
c:\users\notakey\desktop\projects\notakey_cp2\x64\debug\notakeyprovider.tlog\rc.write.1.tlog
