Build started 17.08.2015 13:08:28.
Project "C:\Users\notakey\Desktop\Projects\notakey_cp2\SampleV2CredentialProvider.vcxproj" on node 2 (Rebuild target(s)).
ClCompile:
  C:\Program Files (x86)\Microsoft Visual Studio 12.0\VC\bin\x86_amd64\CL.exe /c /Zi /nologo /W4 /WX- /sdl- /Od /D WIN32 /D _DEBUG /D _WINDOWS /D _USRDLL /D SAMPLEV2CREDENTIALPROVIDER_EXPORTS /D _WINDLL /D _UNICODE /D UNICODE /Gm /EHsc /RTC1 /MDd /GS /fp:precise /Zc:wchar_t /Zc:forScope /Fo"x64\Debug\\" /Fd"x64\Debug\vc120.pdb" /Gd /TP /errorReport:prompt CSampleCredential.cpp CSampleProvider.cpp Dll.cpp guid.cpp helpers.cpp
  helpers.cpp
  guid.cpp
  Dll.cpp
  CSampleProvider.cpp
  CSampleCredential.cpp
  Generating Code...
c:\users\notakey\desktop\projects\notakey_cp2\csamplecredential.cpp(674): warning C4702: unreachable code
c:\users\notakey\desktop\projects\notakey_cp2\csamplecredential.cpp(678): warning C4702: unreachable code
c:\users\notakey\desktop\projects\notakey_cp2\csamplecredential.cpp(683): warning C4702: unreachable code
ResourceCompile:
  C:\Program Files (x86)\Windows Kits\8.1\bin\x86\rc.exe /D _UNICODE /D UNICODE /l"0x0409" /nologo /fo"x64\Debug\resources.res" resources.rc 
Link:
  C:\Program Files (x86)\Microsoft Visual Studio 12.0\VC\bin\x86_amd64\link.exe /ERRORREPORT:PROMPT /OUT:"C:\Users\notakey\Desktop\Projects\notakey_cp2\x64\Debug\NotakeyProvider.dll" /INCREMENTAL /NOLOGO Credui.lib Shlwapi.lib Secur32.lib kernel32.lib user32.lib gdi32.lib winspool.lib comdlg32.lib advapi32.lib shell32.lib ole32.lib oleaut32.lib uuid.lib odbc32.lib odbccp32.lib /DEF:"samplev2credentialprovider.def" /MANIFEST /MANIFESTUAC:"level='asInvoker' uiAccess='false'" /manifest:embed /DEBUG /PDB:"C:\Users\notakey\Desktop\Projects\notakey_cp2\x64\Debug\NotakeyProvider.pdb" /SUBSYSTEM:WINDOWS /TLBID:1 /DYNAMICBASE /NXCOMPAT /IMPLIB:"C:\Users\notakey\Desktop\Projects\notakey_cp2\x64\Debug\NotakeyProvider.lib" /MACHINE:X64 /DLL x64\Debug\resources.res
  x64\Debug\CSampleCredential.obj
  x64\Debug\CSampleProvider.obj
  x64\Debug\Dll.obj
  x64\Debug\guid.obj
  x64\Debug\helpers.obj
     Creating library C:\Users\notakey\Desktop\Projects\notakey_cp2\x64\Debug\NotakeyProvider.lib and object C:\Users\notakey\Desktop\Projects\notakey_cp2\x64\Debug\NotakeyProvider.exp
  SampleV2CredentialProvider.vcxproj -> C:\Users\notakey\Desktop\Projects\notakey_cp2\x64\Debug\NotakeyProvider.dll
PostBuildEvent:
  echo "C:\Users\notakey\Desktop\Projects\notakey_cp2\x64\Debug\\NotakeyProvider.dll"
  echo "C:\Windows\system32"
  copy "C:\Users\notakey\Desktop\Projects\notakey_cp2\x64\Debug\\NotakeyProvider.dll" C:\Windows\system32 /Y
  :VCEnd
  "C:\Users\notakey\Desktop\Projects\notakey_cp2\x64\Debug\\NotakeyProvider.dll"
  "C:\Windows\system32"
          1 file(s) copied.
Done Building Project "C:\Users\notakey\Desktop\Projects\notakey_cp2\SampleV2CredentialProvider.vcxproj" (Rebuild target(s)).

Build succeeded.

Time Elapsed 00:00:07.21
